[0.091s] DEBUG:colcon:Command line arguments: ['/usr/bin/colcon', 'build']
[0.091s] DEBUG:colcon:Parsed command line arguments: Namespace(log_base=None, log_level=None, verb_name='build', build_base='build', install_base='install', merge_install=False, symlink_install=False, test_result_base=None, continue_on_error=False, executor='parallel', parallel_workers=16, event_handlers=None, ignore_user_meta=False, metas=['./colcon.meta'], base_paths=['.'], packages_ignore=None, packages_ignore_regex=None, paths=None, packages_up_to=None, packages_up_to_regex=None, packages_above=None, packages_above_and_dependencies=None, packages_above_depth=None, packages_select_by_dep=None, packages_skip_by_dep=None, packages_skip_up_to=None, packages_select_build_failed=False, packages_skip_build_finished=False, packages_select_test_failures=False, packages_skip_test_passed=False, packages_select=None, packages_skip=None, packages_select_regex=None, packages_skip_regex=None, packages_start=None, packages_end=None, allow_overriding=[], cmake_args=None, cmake_target=None, cmake_target_skip_unavailable=False, cmake_clean_cache=False, cmake_clean_first=False, cmake_force_configure=False, ament_cmake_args=None, catkin_cmake_args=None, catkin_skip_building_tests=False, verb_parser=<colcon_defaults.argument_parser.defaults.DefaultArgumentsDecorator object at 0x7b32c3d6d480>, verb_extension=<colcon_core.verb.build.BuildVerb object at 0x7b32c3d6d000>, main=<bound method BuildVerb.main of <colcon_core.verb.build.BuildVerb object at 0x7b32c3d6d000>>)
[0.173s] Level 1:colcon.colcon_core.package_discovery:discover_packages(colcon_meta) check parameters
[0.173s] Level 1:colcon.colcon_core.package_discovery:discover_packages(recursive) check parameters
[0.173s] Level 1:colcon.colcon_core.package_discovery:discover_packages(ignore) check parameters
[0.173s] Level 1:colcon.colcon_core.package_discovery:discover_packages(path) check parameters
[0.173s] Level 1:colcon.colcon_core.package_discovery:discover_packages(colcon_meta) discover
[0.173s] Level 1:colcon.colcon_core.package_discovery:discover_packages(recursive) discover
[0.173s] INFO:colcon.colcon_core.package_discovery:Crawling recursively for packages in '/home/naina/Downloads/geo_ws'
[0.173s] Level 1:colcon.colcon_core.package_identification:_identify(.) by extensions ['ignore', 'ignore_ament_install']
[0.173s] Level 1:colcon.colcon_core.package_identification:_identify(.) by extension 'ignore'
[0.173s] Level 1:colcon.colcon_core.package_identification:_identify(.) by extension 'ignore_ament_install'
[0.173s] Level 1:colcon.colcon_core.package_identification:_identify(.) by extensions ['colcon_pkg']
[0.173s] Level 1:colcon.colcon_core.package_identification:_identify(.) by extension 'colcon_pkg'
[0.173s] Level 1:colcon.colcon_core.package_identification:_identify(.) by extensions ['colcon_meta']
[0.173s] Level 1:colcon.colcon_core.package_identification:_identify(.) by extension 'colcon_meta'
[0.173s] Level 1:colcon.colcon_core.package_identification:_identify(.) by extensions ['ros']
[0.173s] Level 1:colcon.colcon_core.package_identification:_identify(.) by extension 'ros'
[0.185s] Level 1:colcon.colcon_core.package_identification:_identify(.) by extensions ['cmake', 'python']
[0.185s] Level 1:colcon.colcon_core.package_identification:_identify(.) by extension 'cmake'
[0.185s] Level 1:colcon.colcon_core.package_identification:_identify(.) by extension 'python'
[0.185s] Level 1:colcon.colcon_core.package_identification:_identify(.) by extensions ['python_setup_py']
[0.185s] Level 1:colcon.colcon_core.package_identification:_identify(.) by extension 'python_setup_py'
[0.185s] Level 1:colcon.colcon_core.package_identification:_identify(build) by extensions ['ignore', 'ignore_ament_install']
[0.185s] Level 1:colcon.colcon_core.package_identification:_identify(build) by extension 'ignore'
[0.185s] Level 1:colcon.colcon_core.package_identification:_identify(build) ignored
[0.185s] Level 1:colcon.colcon_core.package_identification:_identify(install) by extensions ['ignore', 'ignore_ament_install']
[0.185s] Level 1:colcon.colcon_core.package_identification:_identify(install) by extension 'ignore'
[0.185s] Level 1:colcon.colcon_core.package_identification:_identify(install) ignored
[0.185s] Level 1:colcon.colcon_core.package_identification:_identify(log) by extensions ['ignore', 'ignore_ament_install']
[0.185s] Level 1:colcon.colcon_core.package_identification:_identify(log) by extension 'ignore'
[0.185s] Level 1:colcon.colcon_core.package_identification:_identify(log) ignored
[0.185s] Level 1:colcon.colcon_core.package_identification:_identify(src) by extensions ['ignore', 'ignore_ament_install']
[0.185s] Level 1:colcon.colcon_core.package_identification:_identify(src) by extension 'ignore'
[0.185s] Level 1:colcon.colcon_core.package_identification:_identify(src) by extension 'ignore_ament_install'
[0.185s] Level 1:colcon.colcon_core.package_identification:_identify(src) by extensions ['colcon_pkg']
[0.185s] Level 1:colcon.colcon_core.package_identification:_identify(src) by extension 'colcon_pkg'
[0.185s] Level 1:colcon.colcon_core.package_identification:_identify(src) by extensions ['colcon_meta']
[0.185s] Level 1:colcon.colcon_core.package_identification:_identify(src) by extension 'colcon_meta'
[0.186s] Level 1:colcon.colcon_core.package_identification:_identify(src) by extensions ['ros']
[0.186s] Level 1:colcon.colcon_core.package_identification:_identify(src) by extension 'ros'
[0.186s] Level 1:colcon.colcon_core.package_identification:_identify(src) by extensions ['cmake', 'python']
[0.186s] Level 1:colcon.colcon_core.package_identification:_identify(src) by extension 'cmake'
[0.186s] Level 1:colcon.colcon_core.package_identification:_identify(src) by extension 'python'
[0.186s] Level 1:colcon.colcon_core.package_identification:_identify(src) by extensions ['python_setup_py']
[0.186s] Level 1:colcon.colcon_core.package_identification:_identify(src) by extension 'python_setup_py'
[0.186s] Level 1:colcon.colcon_core.package_identification:_identify(src/geolocal) by extensions ['ignore', 'ignore_ament_install']
[0.186s] Level 1:colcon.colcon_core.package_identification:_identify(src/geolocal) by extension 'ignore'
[0.186s] Level 1:colcon.colcon_core.package_identification:_identify(src/geolocal) by extension 'ignore_ament_install'
[0.186s] Level 1:colcon.colcon_core.package_identification:_identify(src/geolocal) by extensions ['colcon_pkg']
[0.186s] Level 1:colcon.colcon_core.package_identification:_identify(src/geolocal) by extension 'colcon_pkg'
[0.186s] Level 1:colcon.colcon_core.package_identification:_identify(src/geolocal) by extensions ['colcon_meta']
[0.186s] Level 1:colcon.colcon_core.package_identification:_identify(src/geolocal) by extension 'colcon_meta'
[0.186s] Level 1:colcon.colcon_core.package_identification:_identify(src/geolocal) by extensions ['ros']
[0.186s] Level 1:colcon.colcon_core.package_identification:_identify(src/geolocal) by extension 'ros'
[0.188s] DEBUG:colcon.colcon_core.package_identification:Package 'src/geolocal' with type 'ros.ament_python' and name 'geolocal'
[0.188s] Level 1:colcon.colcon_core.package_identification:_identify(src/geolocalization) by extensions ['ignore', 'ignore_ament_install']
[0.188s] Level 1:colcon.colcon_core.package_identification:_identify(src/geolocalization) by extension 'ignore'
[0.188s] Level 1:colcon.colcon_core.package_identification:_identify(src/geolocalization) by extension 'ignore_ament_install'
[0.188s] Level 1:colcon.colcon_core.package_identification:_identify(src/geolocalization) by extensions ['colcon_pkg']
[0.188s] Level 1:colcon.colcon_core.package_identification:_identify(src/geolocalization) by extension 'colcon_pkg'
[0.188s] Level 1:colcon.colcon_core.package_identification:_identify(src/geolocalization) by extensions ['colcon_meta']
[0.188s] Level 1:colcon.colcon_core.package_identification:_identify(src/geolocalization) by extension 'colcon_meta'
[0.188s] Level 1:colcon.colcon_core.package_identification:_identify(src/geolocalization) by extensions ['ros']
[0.188s] Level 1:colcon.colcon_core.package_identification:_identify(src/geolocalization) by extension 'ros'
[0.189s] DEBUG:colcon.colcon_core.package_identification:Package 'src/geolocalization' with type 'ros.ament_python' and name 'geolocalization'
[0.189s] Level 1:colcon.colcon_core.package_discovery:discover_packages(recursive) using defaults
[0.189s] Level 1:colcon.colcon_core.package_discovery:discover_packages(ignore) discover
[0.189s] Level 1:colcon.colcon_core.package_discovery:discover_packages(ignore) using defaults
[0.189s] Level 1:colcon.colcon_core.package_discovery:discover_packages(path) discover
[0.189s] Level 1:colcon.colcon_core.package_discovery:discover_packages(path) using defaults
[0.203s] Level 1:colcon.colcon_core.package_discovery:discover_packages(prefix_path) check parameters
[0.203s] Level 1:colcon.colcon_core.package_discovery:discover_packages(prefix_path) discover
[0.205s] DEBUG:colcon.colcon_installed_package_information.package_discovery:Found 313 installed packages in /opt/ros/humble
[0.206s] Level 1:colcon.colcon_core.package_discovery:discover_packages(prefix_path) using defaults
[0.230s] Level 5:colcon.colcon_core.verb:set package 'geolocal' build argument 'cmake_args' from command line to 'None'
[0.230s] Level 5:colcon.colcon_core.verb:set package 'geolocal' build argument 'cmake_target' from command line to 'None'
[0.230s] Level 5:colcon.colcon_core.verb:set package 'geolocal' build argument 'cmake_target_skip_unavailable' from command line to 'False'
[0.230s] Level 5:colcon.colcon_core.verb:set package 'geolocal' build argument 'cmake_clean_cache' from command line to 'False'
[0.230s] Level 5:colcon.colcon_core.verb:set package 'geolocal' build argument 'cmake_clean_first' from command line to 'False'
[0.230s] Level 5:colcon.colcon_core.verb:set package 'geolocal' build argument 'cmake_force_configure' from command line to 'False'
[0.230s] Level 5:colcon.colcon_core.verb:set package 'geolocal' build argument 'ament_cmake_args' from command line to 'None'
[0.230s] Level 5:colcon.colcon_core.verb:set package 'geolocal' build argument 'catkin_cmake_args' from command line to 'None'
[0.230s] Level 5:colcon.colcon_core.verb:set package 'geolocal' build argument 'catkin_skip_building_tests' from command line to 'False'
[0.230s] DEBUG:colcon.colcon_core.verb:Building package 'geolocal' with the following arguments: {'ament_cmake_args': None, 'build_base': '/home/naina/Downloads/geo_ws/build/geolocal', 'catkin_cmake_args': None, 'catkin_skip_building_tests': False, 'cmake_args': None, 'cmake_clean_cache': False, 'cmake_clean_first': False, 'cmake_force_configure': False, 'cmake_target': None, 'cmake_target_skip_unavailable': False, 'install_base': '/home/naina/Downloads/geo_ws/install/geolocal', 'merge_install': False, 'path': '/home/naina/Downloads/geo_ws/src/geolocal', 'symlink_install': False, 'test_result_base': None}
[0.230s] Level 5:colcon.colcon_core.verb:set package 'geolocalization' build argument 'cmake_args' from command line to 'None'
[0.230s] Level 5:colcon.colcon_core.verb:set package 'geolocalization' build argument 'cmake_target' from command line to 'None'
[0.230s] Level 5:colcon.colcon_core.verb:set package 'geolocalization' build argument 'cmake_target_skip_unavailable' from command line to 'False'
[0.230s] Level 5:colcon.colcon_core.verb:set package 'geolocalization' build argument 'cmake_clean_cache' from command line to 'False'
[0.230s] Level 5:colcon.colcon_core.verb:set package 'geolocalization' build argument 'cmake_clean_first' from command line to 'False'
[0.230s] Level 5:colcon.colcon_core.verb:set package 'geolocalization' build argument 'cmake_force_configure' from command line to 'False'
[0.230s] Level 5:colcon.colcon_core.verb:set package 'geolocalization' build argument 'ament_cmake_args' from command line to 'None'
[0.230s] Level 5:colcon.colcon_core.verb:set package 'geolocalization' build argument 'catkin_cmake_args' from command line to 'None'
[0.230s] Level 5:colcon.colcon_core.verb:set package 'geolocalization' build argument 'catkin_skip_building_tests' from command line to 'False'
[0.230s] DEBUG:colcon.colcon_core.verb:Building package 'geolocalization' with the following arguments: {'ament_cmake_args': None, 'build_base': '/home/naina/Downloads/geo_ws/build/geolocalization', 'catkin_cmake_args': None, 'catkin_skip_building_tests': False, 'cmake_args': None, 'cmake_clean_cache': False, 'cmake_clean_first': False, 'cmake_force_configure': False, 'cmake_target': None, 'cmake_target_skip_unavailable': False, 'install_base': '/home/naina/Downloads/geo_ws/install/geolocalization', 'merge_install': False, 'path': '/home/naina/Downloads/geo_ws/src/geolocalization', 'symlink_install': False, 'test_result_base': None}
[0.230s] INFO:colcon.colcon_core.executor:Executing jobs using 'parallel' executor
[0.231s] DEBUG:colcon.colcon_parallel_executor.executor.parallel:run_until_complete
[0.231s] INFO:colcon.colcon_ros.task.ament_python.build:Building ROS package in '/home/naina/Downloads/geo_ws/src/geolocal' with build type 'ament_python'
[0.231s] Level 1:colcon.colcon_core.shell:create_environment_hook('geolocal', 'ament_prefix_path')
[0.234s] INFO:colcon.colcon_core.plugin_system:Skipping extension 'colcon_core.shell.bat': Not used on non-Windows systems
[0.234s] INFO:colcon.colcon_core.shell:Creating environment hook '/home/naina/Downloads/geo_ws/install/geolocal/share/geolocal/hook/ament_prefix_path.ps1'
[0.234s] INFO:colcon.colcon_core.shell:Creating environment descriptor '/home/naina/Downloads/geo_ws/install/geolocal/share/geolocal/hook/ament_prefix_path.dsv'
[0.235s] INFO:colcon.colcon_core.shell:Creating environment hook '/home/naina/Downloads/geo_ws/install/geolocal/share/geolocal/hook/ament_prefix_path.sh'
[0.236s] INFO:colcon.colcon_core.shell:Skip shell extension 'powershell' for command environment: Not usable outside of PowerShell
[0.236s] DEBUG:colcon.colcon_core.shell:Skip shell extension 'dsv' for command environment
[0.238s] INFO:colcon.colcon_ros.task.ament_python.build:Building ROS package in '/home/naina/Downloads/geo_ws/src/geolocalization' with build type 'ament_python'
[0.238s] Level 1:colcon.colcon_core.shell:create_environment_hook('geolocalization', 'ament_prefix_path')
[0.238s] INFO:colcon.colcon_core.shell:Creating environment hook '/home/naina/Downloads/geo_ws/install/geolocalization/share/geolocalization/hook/ament_prefix_path.ps1'
[0.238s] INFO:colcon.colcon_core.shell:Creating environment descriptor '/home/naina/Downloads/geo_ws/install/geolocalization/share/geolocalization/hook/ament_prefix_path.dsv'
[0.238s] INFO:colcon.colcon_core.shell:Creating environment hook '/home/naina/Downloads/geo_ws/install/geolocalization/share/geolocalization/hook/ament_prefix_path.sh'
[0.239s] INFO:colcon.colcon_core.shell:Skip shell extension 'powershell' for command environment: Not usable outside of PowerShell
[0.239s] DEBUG:colcon.colcon_core.shell:Skip shell extension 'dsv' for command environment
[0.370s] INFO:colcon.colcon_core.task.python.build:Building Python package in '/home/naina/Downloads/geo_ws/src/geolocal'
[0.370s] INFO:colcon.colcon_core.shell:Skip shell extension 'powershell' for command environment: Not usable outside of PowerShell
[0.370s] DEBUG:colcon.colcon_core.shell:Skip shell extension 'dsv' for command environment
[0.501s] INFO:colcon.colcon_core.task.python.build:Building Python package in '/home/naina/Downloads/geo_ws/src/geolocalization'
[0.501s] INFO:colcon.colcon_core.shell:Skip shell extension 'powershell' for command environment: Not usable outside of PowerShell
[0.501s] DEBUG:colcon.colcon_core.shell:Skip shell extension 'dsv' for command environment
[0.775s] DEBUG:colcon.colcon_core.event_handler.log_command:Invoking command in '/home/naina/Downloads/geo_ws/src/geolocalization': PYTHONPATH=/home/naina/Downloads/geo_ws/build/geolocalization/prefix_override:/usr/lib/python3/dist-packages/colcon_core/task/python/colcon_distutils_commands:/home/naina/Downloads/geo_ws/install/geolocalization/lib/python3.10/site-packages:${PYTHONPATH} /usr/bin/python3 -W ignore:setup.py install is deprecated -W ignore:easy_install command is deprecated setup.py egg_info --egg-base ../../build/geolocalization build --build-base /home/naina/Downloads/geo_ws/build/geolocalization/build install --record /home/naina/Downloads/geo_ws/build/geolocalization/install.log --single-version-externally-managed install_data
[0.779s] DEBUG:colcon.colcon_core.event_handler.log_command:Invoking command in '/home/naina/Downloads/geo_ws/src/geolocal': PYTHONPATH=/home/naina/Downloads/geo_ws/build/geolocal/prefix_override:/usr/lib/python3/dist-packages/colcon_core/task/python/colcon_distutils_commands:/home/naina/Downloads/geo_ws/install/geolocal/lib/python3.10/site-packages:${PYTHONPATH} /usr/bin/python3 -W ignore:setup.py install is deprecated -W ignore:easy_install command is deprecated setup.py egg_info --egg-base ../../build/geolocal build --build-base /home/naina/Downloads/geo_ws/build/geolocal/build install --record /home/naina/Downloads/geo_ws/build/geolocal/install.log --single-version-externally-managed install_data
[1.001s] DEBUG:colcon.colcon_core.event_handler.log_command:Invoked command in '/home/naina/Downloads/geo_ws/src/geolocal' returned '0': PYTHONPATH=/home/naina/Downloads/geo_ws/build/geolocal/prefix_override:/usr/lib/python3/dist-packages/colcon_core/task/python/colcon_distutils_commands:/home/naina/Downloads/geo_ws/install/geolocal/lib/python3.10/site-packages:${PYTHONPATH} /usr/bin/python3 -W ignore:setup.py install is deprecated -W ignore:easy_install command is deprecated setup.py egg_info --egg-base ../../build/geolocal build --build-base /home/naina/Downloads/geo_ws/build/geolocal/build install --record /home/naina/Downloads/geo_ws/build/geolocal/install.log --single-version-externally-managed install_data
[1.004s] Level 1:colcon.colcon_core.environment:checking '/home/naina/Downloads/geo_ws/install/geolocal' for CMake module files
[1.005s] Level 1:colcon.colcon_core.environment:checking '/home/naina/Downloads/geo_ws/install/geolocal' for CMake config files
[1.005s] Level 1:colcon.colcon_core.environment:checking '/home/naina/Downloads/geo_ws/install/geolocal/lib'
[1.005s] Level 1:colcon.colcon_core.environment:checking '/home/naina/Downloads/geo_ws/install/geolocal/bin'
[1.005s] Level 1:colcon.colcon_core.environment:checking '/home/naina/Downloads/geo_ws/install/geolocal/lib/pkgconfig/geolocal.pc'
[1.005s] Level 1:colcon.colcon_core.environment:checking '/home/naina/Downloads/geo_ws/install/geolocal/lib/python3.10/site-packages'
[1.005s] Level 1:colcon.colcon_core.shell:create_environment_hook('geolocal', 'pythonpath')
[1.006s] INFO:colcon.colcon_core.shell:Creating environment hook '/home/naina/Downloads/geo_ws/install/geolocal/share/geolocal/hook/pythonpath.ps1'
[1.006s] INFO:colcon.colcon_core.shell:Creating environment descriptor '/home/naina/Downloads/geo_ws/install/geolocal/share/geolocal/hook/pythonpath.dsv'
[1.006s] INFO:colcon.colcon_core.shell:Creating environment hook '/home/naina/Downloads/geo_ws/install/geolocal/share/geolocal/hook/pythonpath.sh'
[1.007s] Level 1:colcon.colcon_core.environment:checking '/home/naina/Downloads/geo_ws/install/geolocal/bin'
[1.007s] Level 1:colcon.colcon_core.environment:create_environment_scripts_only(geolocal)
[1.007s] INFO:colcon.colcon_core.shell:Creating package script '/home/naina/Downloads/geo_ws/install/geolocal/share/geolocal/package.ps1'
[1.007s] INFO:colcon.colcon_core.shell:Creating package descriptor '/home/naina/Downloads/geo_ws/install/geolocal/share/geolocal/package.dsv'
[1.008s] INFO:colcon.colcon_core.shell:Creating package script '/home/naina/Downloads/geo_ws/install/geolocal/share/geolocal/package.sh'
[1.008s] INFO:colcon.colcon_core.shell:Creating package script '/home/naina/Downloads/geo_ws/install/geolocal/share/geolocal/package.bash'
[1.009s] INFO:colcon.colcon_core.shell:Creating package script '/home/naina/Downloads/geo_ws/install/geolocal/share/geolocal/package.zsh'
[1.009s] Level 1:colcon.colcon_core.environment:create_file_with_runtime_dependencies(/home/naina/Downloads/geo_ws/install/geolocal/share/colcon-core/packages/geolocal)
[1.012s] Level 1:colcon.colcon_core.environment:checking '/home/naina/Downloads/geo_ws/install/geolocalization' for CMake module files
[1.013s] DEBUG:colcon.colcon_core.event_handler.log_command:Invoked command in '/home/naina/Downloads/geo_ws/src/geolocalization' returned '0': PYTHONPATH=/home/naina/Downloads/geo_ws/build/geolocalization/prefix_override:/usr/lib/python3/dist-packages/colcon_core/task/python/colcon_distutils_commands:/home/naina/Downloads/geo_ws/install/geolocalization/lib/python3.10/site-packages:${PYTHONPATH} /usr/bin/python3 -W ignore:setup.py install is deprecated -W ignore:easy_install command is deprecated setup.py egg_info --egg-base ../../build/geolocalization build --build-base /home/naina/Downloads/geo_ws/build/geolocalization/build install --record /home/naina/Downloads/geo_ws/build/geolocalization/install.log --single-version-externally-managed install_data
[1.013s] Level 1:colcon.colcon_core.environment:checking '/home/naina/Downloads/geo_ws/install/geolocalization' for CMake config files
[1.013s] Level 1:colcon.colcon_core.environment:checking '/home/naina/Downloads/geo_ws/install/geolocalization/lib'
[1.013s] Level 1:colcon.colcon_core.environment:checking '/home/naina/Downloads/geo_ws/install/geolocalization/bin'
[1.013s] Level 1:colcon.colcon_core.environment:checking '/home/naina/Downloads/geo_ws/install/geolocalization/lib/pkgconfig/geolocalization.pc'
[1.014s] Level 1:colcon.colcon_core.environment:checking '/home/naina/Downloads/geo_ws/install/geolocalization/lib/python3.10/site-packages'
[1.014s] Level 1:colcon.colcon_core.shell:create_environment_hook('geolocalization', 'pythonpath')
[1.014s] INFO:colcon.colcon_core.shell:Creating environment hook '/home/naina/Downloads/geo_ws/install/geolocalization/share/geolocalization/hook/pythonpath.ps1'
[1.014s] INFO:colcon.colcon_core.shell:Creating environment descriptor '/home/naina/Downloads/geo_ws/install/geolocalization/share/geolocalization/hook/pythonpath.dsv'
[1.014s] INFO:colcon.colcon_core.shell:Creating environment hook '/home/naina/Downloads/geo_ws/install/geolocalization/share/geolocalization/hook/pythonpath.sh'
[1.015s] Level 1:colcon.colcon_core.environment:checking '/home/naina/Downloads/geo_ws/install/geolocalization/bin'
[1.015s] Level 1:colcon.colcon_core.environment:create_environment_scripts_only(geolocalization)
[1.015s] INFO:colcon.colcon_core.shell:Creating package script '/home/naina/Downloads/geo_ws/install/geolocalization/share/geolocalization/package.ps1'
[1.015s] INFO:colcon.colcon_core.shell:Creating package descriptor '/home/naina/Downloads/geo_ws/install/geolocalization/share/geolocalization/package.dsv'
[1.015s] INFO:colcon.colcon_core.shell:Creating package script '/home/naina/Downloads/geo_ws/install/geolocalization/share/geolocalization/package.sh'
[1.016s] INFO:colcon.colcon_core.shell:Creating package script '/home/naina/Downloads/geo_ws/install/geolocalization/share/geolocalization/package.bash'
[1.016s] INFO:colcon.colcon_core.shell:Creating package script '/home/naina/Downloads/geo_ws/install/geolocalization/share/geolocalization/package.zsh'
[1.016s] Level 1:colcon.colcon_core.environment:create_file_with_runtime_dependencies(/home/naina/Downloads/geo_ws/install/geolocalization/share/colcon-core/packages/geolocalization)
[1.016s] DEBUG:colcon.colcon_parallel_executor.executor.parallel:closing loop
[1.017s] DEBUG:colcon.colcon_parallel_executor.executor.parallel:loop closed
[1.017s] DEBUG:colcon.colcon_parallel_executor.executor.parallel:run_until_complete finished with '0'
[1.017s] DEBUG:colcon.colcon_core.event_reactor:joining thread
[1.023s] INFO:colcon.colcon_core.plugin_system:Skipping extension 'colcon_notification.desktop_notification.terminal_notifier': Not used on non-Darwin systems
[1.023s] INFO:colcon.colcon_core.plugin_system:Skipping extension 'colcon_notification.desktop_notification.win32': Not used on non-Windows systems
[1.023s] INFO:colcon.colcon_notification.desktop_notification:Sending desktop notification using 'notify2'
[1.033s] DEBUG:colcon.colcon_core.event_reactor:joined thread
[1.033s] INFO:colcon.colcon_core.shell:Creating prefix script '/home/naina/Downloads/geo_ws/install/local_setup.ps1'
[1.034s] INFO:colcon.colcon_core.shell:Creating prefix util module '/home/naina/Downloads/geo_ws/install/_local_setup_util_ps1.py'
[1.035s] INFO:colcon.colcon_core.shell:Creating prefix chain script '/home/naina/Downloads/geo_ws/install/setup.ps1'
[1.036s] INFO:colcon.colcon_core.shell:Creating prefix script '/home/naina/Downloads/geo_ws/install/local_setup.sh'
[1.036s] INFO:colcon.colcon_core.shell:Creating prefix util module '/home/naina/Downloads/geo_ws/install/_local_setup_util_sh.py'
[1.037s] INFO:colcon.colcon_core.shell:Creating prefix chain script '/home/naina/Downloads/geo_ws/install/setup.sh'
[1.038s] INFO:colcon.colcon_core.shell:Creating prefix script '/home/naina/Downloads/geo_ws/install/local_setup.bash'
[1.038s] INFO:colcon.colcon_core.shell:Creating prefix chain script '/home/naina/Downloads/geo_ws/install/setup.bash'
[1.039s] INFO:colcon.colcon_core.shell:Creating prefix script '/home/naina/Downloads/geo_ws/install/local_setup.zsh'
[1.040s] INFO:colcon.colcon_core.shell:Creating prefix chain script '/home/naina/Downloads/geo_ws/install/setup.zsh'
