[0.713s] Invoking command in '/home/naina/Downloads/geo_ws/src/geolocal': PYTHONPATH=/home/naina/Downloads/geo_ws/build/geolocal/prefix_override:/usr/lib/python3/dist-packages/colcon_core/task/python/colcon_distutils_commands:/home/naina/Downloads/geo_ws/install/geolocal/lib/python3.10/site-packages:${PYTHONPATH} /usr/bin/python3 -W ignore:setup.py install is deprecated -W ignore:easy_install command is deprecated setup.py egg_info --egg-base ../../build/geolocal build --build-base /home/naina/Downloads/geo_ws/build/geolocal/build install --record /home/naina/Downloads/geo_ws/build/geolocal/install.log --single-version-externally-managed install_data
[0.861s] running egg_info
[0.868s] writing ../../build/geolocal/geolocal.egg-info/PKG-INFO
[0.869s] writing dependency_links to ../../build/geolocal/geolocal.egg-info/dependency_links.txt
[0.869s] writing entry points to ../../build/geolocal/geolocal.egg-info/entry_points.txt
[0.869s] writing requirements to ../../build/geolocal/geolocal.egg-info/requires.txt
[0.872s] writing top-level names to ../../build/geolocal/geolocal.egg-info/top_level.txt
[0.889s] reading manifest file '../../build/geolocal/geolocal.egg-info/SOURCES.txt'
[0.890s] writing manifest file '../../build/geolocal/geolocal.egg-info/SOURCES.txt'
[0.890s] running build
[0.890s] running build_py
[0.890s] running install
[0.893s] running install_lib
[0.901s] running install_data
[0.901s] running install_egg_info
[0.910s] removing '/home/naina/Downloads/geo_ws/install/geolocal/lib/python3.10/site-packages/geolocal-0.0.0-py3.10.egg-info' (and everything under it)
[0.910s] Copying ../../build/geolocal/geolocal.egg-info to /home/naina/Downloads/geo_ws/install/geolocal/lib/python3.10/site-packages/geolocal-0.0.0-py3.10.egg-info
[0.911s] running install_scripts
[0.927s] Installing geolocal script to /home/naina/Downloads/geo_ws/install/geolocal/lib/geolocal
[0.928s] writing list of installed files to '/home/naina/Downloads/geo_ws/build/geolocal/install.log'
[0.973s] Invoked command in '/home/naina/Downloads/geo_ws/src/geolocal' returned '0': PYTHONPATH=/home/naina/Downloads/geo_ws/build/geolocal/prefix_override:/usr/lib/python3/dist-packages/colcon_core/task/python/colcon_distutils_commands:/home/naina/Downloads/geo_ws/install/geolocal/lib/python3.10/site-packages:${PYTHONPATH} /usr/bin/python3 -W ignore:setup.py install is deprecated -W ignore:easy_install command is deprecated setup.py egg_info --egg-base ../../build/geolocal build --build-base /home/naina/Downloads/geo_ws/build/geolocal/build install --record /home/naina/Downloads/geo_ws/build/geolocal/install.log --single-version-externally-managed install_data
