[0.631s] Invoking command in '/home/akshit/geo_ws/src/geolocalization': PYTHONPATH=/home/akshit/geo_ws/build/geolocalization/prefix_override:/usr/lib/python3/dist-packages/colcon_core/task/python/colcon_distutils_commands:/home/akshit/geo_ws/install/geolocalization/lib/python3.10/site-packages:${PYTHONPATH} /usr/bin/python3 -W ignore:setup.py install is deprecated -W ignore:easy_install command is deprecated setup.py egg_info --egg-base ../../build/geolocalization build --build-base /home/akshit/geo_ws/build/geolocalization/build install --record /home/akshit/geo_ws/build/geolocalization/install.log --single-version-externally-managed install_data
[0.786s] running egg_info
[0.787s] writing ../../build/geolocalization/geolocalization.egg-info/PKG-INFO
[0.787s] writing dependency_links to ../../build/geolocalization/geolocalization.egg-info/dependency_links.txt
[0.787s] writing entry points to ../../build/geolocalization/geolocalization.egg-info/entry_points.txt
[0.787s] writing requirements to ../../build/geolocalization/geolocalization.egg-info/requires.txt
[0.787s] writing top-level names to ../../build/geolocalization/geolocalization.egg-info/top_level.txt
[0.788s] reading manifest file '../../build/geolocalization/geolocalization.egg-info/SOURCES.txt'
[0.789s] writing manifest file '../../build/geolocalization/geolocalization.egg-info/SOURCES.txt'
[0.789s] running build
[0.789s] running build_py
[0.789s] copying geolocalization/geolocalization.py -> /home/akshit/geo_ws/build/geolocalization/build/lib/geolocalization
[0.789s] running install
[0.789s] running install_lib
[0.790s] copying /home/akshit/geo_ws/build/geolocalization/build/lib/geolocalization/geolocalization.py -> /home/akshit/geo_ws/install/geolocalization/lib/python3.10/site-packages/geolocalization
[0.790s] byte-compiling /home/akshit/geo_ws/install/geolocalization/lib/python3.10/site-packages/geolocalization/geolocalization.py to geolocalization.cpython-310.pyc
[0.791s] running install_data
[0.791s] running install_egg_info
[0.793s] removing '/home/akshit/geo_ws/install/geolocalization/lib/python3.10/site-packages/geolocalization-0.0.1-py3.10.egg-info' (and everything under it)
[0.793s] Copying ../../build/geolocalization/geolocalization.egg-info to /home/akshit/geo_ws/install/geolocalization/lib/python3.10/site-packages/geolocalization-0.0.1-py3.10.egg-info
[0.793s] running install_scripts
[0.807s] Installing geolocalization script to /home/akshit/geo_ws/install/geolocalization/lib/geolocalization
[0.807s] writing list of installed files to '/home/akshit/geo_ws/build/geolocalization/install.log'
[0.824s] Invoked command in '/home/akshit/geo_ws/src/geolocalization' returned '0': PYTHONPATH=/home/akshit/geo_ws/build/geolocalization/prefix_override:/usr/lib/python3/dist-packages/colcon_core/task/python/colcon_distutils_commands:/home/akshit/geo_ws/install/geolocalization/lib/python3.10/site-packages:${PYTHONPATH} /usr/bin/python3 -W ignore:setup.py install is deprecated -W ignore:easy_install command is deprecated setup.py egg_info --egg-base ../../build/geolocalization build --build-base /home/akshit/geo_ws/build/geolocalization/build install --record /home/akshit/geo_ws/build/geolocalization/install.log --single-version-externally-managed install_data
