/home/naina/Downloads/geo_ws/install/geolocalization/lib/python3.10/site-packages/geolocalization/coordinate_transformer.py
/home/naina/Downloads/geo_ws/install/geolocalization/lib/python3.10/site-packages/geolocalization/__init__.py
/home/naina/Downloads/geo_ws/install/geolocalization/lib/python3.10/site-packages/geolocalization/geolocalization.py
/home/naina/Downloads/geo_ws/install/geolocalization/lib/python3.10/site-packages/geolocalization/yolo_detector.py
/home/naina/Downloads/geo_ws/install/geolocalization/lib/python3.10/site-packages/geolocalization/__pycache__/coordinate_transformer.cpython-310.pyc
/home/naina/Downloads/geo_ws/install/geolocalization/lib/python3.10/site-packages/geolocalization/__pycache__/__init__.cpython-310.pyc
/home/naina/Downloads/geo_ws/install/geolocalization/lib/python3.10/site-packages/geolocalization/__pycache__/geolocalization.cpython-310.pyc
/home/naina/Downloads/geo_ws/install/geolocalization/lib/python3.10/site-packages/geolocalization/__pycache__/yolo_detector.cpython-310.pyc
/home/naina/Downloads/geo_ws/install/geolocalization/share/ament_index/resource_index/packages/geolocalization
/home/naina/Downloads/geo_ws/install/geolocalization/share/geolocalization/package.xml
/home/naina/Downloads/geo_ws/install/geolocalization/share/geolocalization/launch/person_localization.launch.py
/home/naina/Downloads/geo_ws/install/geolocalization/share/geolocalization/config/params.yaml
/home/naina/Downloads/geo_ws/install/geolocalization/lib/python3.10/site-packages/geolocalization-0.0.1-py3.10.egg-info/dependency_links.txt
/home/naina/Downloads/geo_ws/install/geolocalization/lib/python3.10/site-packages/geolocalization-0.0.1-py3.10.egg-info/zip-safe
/home/naina/Downloads/geo_ws/install/geolocalization/lib/python3.10/site-packages/geolocalization-0.0.1-py3.10.egg-info/requires.txt
/home/naina/Downloads/geo_ws/install/geolocalization/lib/python3.10/site-packages/geolocalization-0.0.1-py3.10.egg-info/SOURCES.txt
/home/naina/Downloads/geo_ws/install/geolocalization/lib/python3.10/site-packages/geolocalization-0.0.1-py3.10.egg-info/PKG-INFO
/home/naina/Downloads/geo_ws/install/geolocalization/lib/python3.10/site-packages/geolocalization-0.0.1-py3.10.egg-info/entry_points.txt
/home/naina/Downloads/geo_ws/install/geolocalization/lib/python3.10/site-packages/geolocalization-0.0.1-py3.10.egg-info/top_level.txt
/home/naina/Downloads/geo_ws/install/geolocalization/lib/geolocalization/geolocalization
