[0.664s] Invoking command in '/home/akshit/geo_ws/src/geolocal': PYTHONPATH=/home/akshit/geo_ws/build/geolocal/prefix_override:/usr/lib/python3/dist-packages/colcon_core/task/python/colcon_distutils_commands:/home/akshit/geo_ws/install/geolocal/lib/python3.10/site-packages:${PYTHONPATH} /usr/bin/python3 -W ignore:setup.py install is deprecated -W ignore:easy_install command is deprecated setup.py egg_info --egg-base ../../build/geolocal build --build-base /home/akshit/geo_ws/build/geolocal/build install --record /home/akshit/geo_ws/build/geolocal/install.log --single-version-externally-managed install_data
[0.848s] running egg_info
[0.848s] creating ../../build/geolocal/geolocal.egg-info
[0.849s] writing ../../build/geolocal/geolocal.egg-info/PKG-INFO
[0.849s] writing dependency_links to ../../build/geolocal/geolocal.egg-info/dependency_links.txt
[0.849s] writing entry points to ../../build/geolocal/geolocal.egg-info/entry_points.txt
[0.849s] writing requirements to ../../build/geolocal/geolocal.egg-info/requires.txt
[0.849s] writing top-level names to ../../build/geolocal/geolocal.egg-info/top_level.txt
[0.849s] writing manifest file '../../build/geolocal/geolocal.egg-info/SOURCES.txt'
[0.850s] reading manifest file '../../build/geolocal/geolocal.egg-info/SOURCES.txt'
[0.851s] writing manifest file '../../build/geolocal/geolocal.egg-info/SOURCES.txt'
[0.851s] running build
[0.851s] running build_py
[0.851s] creating /home/akshit/geo_ws/build/geolocal/build
[0.851s] creating /home/akshit/geo_ws/build/geolocal/build/lib
[0.851s] creating /home/akshit/geo_ws/build/geolocal/build/lib/geolocal
[0.851s] copying geolocal/geolocal.py -> /home/akshit/geo_ws/build/geolocal/build/lib/geolocal
[0.851s] copying geolocal/__init__.py -> /home/akshit/geo_ws/build/geolocal/build/lib/geolocal
[0.851s] running install
[0.851s] running install_lib
[0.852s] creating /home/akshit/geo_ws/install/geolocal/lib/python3.10/site-packages/geolocal
[0.852s] copying /home/akshit/geo_ws/build/geolocal/build/lib/geolocal/geolocal.py -> /home/akshit/geo_ws/install/geolocal/lib/python3.10/site-packages/geolocal
[0.852s] copying /home/akshit/geo_ws/build/geolocal/build/lib/geolocal/__init__.py -> /home/akshit/geo_ws/install/geolocal/lib/python3.10/site-packages/geolocal
[0.852s] byte-compiling /home/akshit/geo_ws/install/geolocal/lib/python3.10/site-packages/geolocal/geolocal.py to geolocal.cpython-310.pyc
[0.854s] byte-compiling /home/akshit/geo_ws/install/geolocal/lib/python3.10/site-packages/geolocal/__init__.py to __init__.cpython-310.pyc
[0.854s] running install_data
[0.854s] creating /home/akshit/geo_ws/install/geolocal/share/ament_index
[0.854s] creating /home/akshit/geo_ws/install/geolocal/share/ament_index/resource_index
[0.854s] creating /home/akshit/geo_ws/install/geolocal/share/ament_index/resource_index/packages
[0.854s] copying resource/geolocal -> /home/akshit/geo_ws/install/geolocal/share/ament_index/resource_index/packages
[0.854s] copying package.xml -> /home/akshit/geo_ws/install/geolocal/share/geolocal
[0.854s] creating /home/akshit/geo_ws/install/geolocal/share/geolocal/models
[0.855s] copying geolocal/best1.pt -> /home/akshit/geo_ws/install/geolocal/share/geolocal/models
[0.866s] running install_egg_info
[0.867s] Copying ../../build/geolocal/geolocal.egg-info to /home/akshit/geo_ws/install/geolocal/lib/python3.10/site-packages/geolocal-0.0.0-py3.10.egg-info
[0.867s] running install_scripts
[0.883s] Installing geolocal script to /home/akshit/geo_ws/install/geolocal/lib/geolocal
[0.883s] writing list of installed files to '/home/akshit/geo_ws/build/geolocal/install.log'
[0.900s] Invoked command in '/home/akshit/geo_ws/src/geolocal' returned '0': PYTHONPATH=/home/akshit/geo_ws/build/geolocal/prefix_override:/usr/lib/python3/dist-packages/colcon_core/task/python/colcon_distutils_commands:/home/akshit/geo_ws/install/geolocal/lib/python3.10/site-packages:${PYTHONPATH} /usr/bin/python3 -W ignore:setup.py install is deprecated -W ignore:easy_install command is deprecated setup.py egg_info --egg-base ../../build/geolocal build --build-base /home/akshit/geo_ws/build/geolocal/build install --record /home/akshit/geo_ws/build/geolocal/install.log --single-version-externally-managed install_data
