[0.175s] DEBUG:colcon:Command line arguments: ['/usr/bin/colcon', 'build']
[0.175s] DEBUG:colcon:Parsed command line arguments: Namespace(log_base=None, log_level=None, verb_name='build', build_base='build', install_base='install', merge_install=False, symlink_install=False, test_result_base=None, continue_on_error=False, executor='parallel', parallel_workers=16, event_handlers=None, ignore_user_meta=False, metas=['./colcon.meta'], base_paths=['.'], packages_ignore=None, packages_ignore_regex=None, paths=None, packages_up_to=None, packages_up_to_regex=None, packages_above=None, packages_above_and_dependencies=None, packages_above_depth=None, packages_select_by_dep=None, packages_skip_by_dep=None, packages_skip_up_to=None, packages_select_build_failed=False, packages_skip_build_finished=False, packages_select_test_failures=False, packages_skip_test_passed=False, packages_select=None, packages_skip=None, packages_select_regex=None, packages_skip_regex=None, packages_start=None, packages_end=None, allow_overriding=[], cmake_args=None, cmake_target=None, cmake_target_skip_unavailable=False, cmake_clean_cache=False, cmake_clean_first=False, cmake_force_configure=False, ament_cmake_args=None, catkin_cmake_args=None, catkin_skip_building_tests=False, verb_parser=<colcon_defaults.argument_parser.defaults.DefaultArgumentsDecorator object at 0x769a43d69a20>, verb_extension=<colcon_core.verb.build.BuildVerb object at 0x769a43d695a0>, main=<bound method BuildVerb.main of <colcon_core.verb.build.BuildVerb object at 0x769a43d695a0>>)
[0.213s] Level 1:colcon.colcon_core.package_discovery:discover_packages(colcon_meta) check parameters
[0.213s] Level 1:colcon.colcon_core.package_discovery:discover_packages(recursive) check parameters
[0.213s] Level 1:colcon.colcon_core.package_discovery:discover_packages(ignore) check parameters
[0.213s] Level 1:colcon.colcon_core.package_discovery:discover_packages(path) check parameters
[0.213s] Level 1:colcon.colcon_core.package_discovery:discover_packages(colcon_meta) discover
[0.213s] Level 1:colcon.colcon_core.package_discovery:discover_packages(recursive) discover
[0.213s] INFO:colcon.colcon_core.package_discovery:Crawling recursively for packages in '/home/naina/Downloads/geo_ws'
[0.213s] Level 1:colcon.colcon_core.package_identification:_identify(.) by extensions ['ignore', 'ignore_ament_install']
[0.213s] Level 1:colcon.colcon_core.package_identification:_identify(.) by extension 'ignore'
[0.213s] Level 1:colcon.colcon_core.package_identification:_identify(.) by extension 'ignore_ament_install'
[0.213s] Level 1:colcon.colcon_core.package_identification:_identify(.) by extensions ['colcon_pkg']
[0.213s] Level 1:colcon.colcon_core.package_identification:_identify(.) by extension 'colcon_pkg'
[0.213s] Level 1:colcon.colcon_core.package_identification:_identify(.) by extensions ['colcon_meta']
[0.213s] Level 1:colcon.colcon_core.package_identification:_identify(.) by extension 'colcon_meta'
[0.213s] Level 1:colcon.colcon_core.package_identification:_identify(.) by extensions ['ros']
[0.213s] Level 1:colcon.colcon_core.package_identification:_identify(.) by extension 'ros'
[0.227s] Level 1:colcon.colcon_core.package_identification:_identify(.) by extensions ['cmake', 'python']
[0.227s] Level 1:colcon.colcon_core.package_identification:_identify(.) by extension 'cmake'
[0.227s] Level 1:colcon.colcon_core.package_identification:_identify(.) by extension 'python'
[0.227s] Level 1:colcon.colcon_core.package_identification:_identify(.) by extensions ['python_setup_py']
[0.227s] Level 1:colcon.colcon_core.package_identification:_identify(.) by extension 'python_setup_py'
[0.227s] Level 1:colcon.colcon_core.package_identification:_identify(build) by extensions ['ignore', 'ignore_ament_install']
[0.227s] Level 1:colcon.colcon_core.package_identification:_identify(build) by extension 'ignore'
[0.227s] Level 1:colcon.colcon_core.package_identification:_identify(build) ignored
[0.227s] Level 1:colcon.colcon_core.package_identification:_identify(install) by extensions ['ignore', 'ignore_ament_install']
[0.227s] Level 1:colcon.colcon_core.package_identification:_identify(install) by extension 'ignore'
[0.227s] Level 1:colcon.colcon_core.package_identification:_identify(install) ignored
[0.227s] Level 1:colcon.colcon_core.package_identification:_identify(log) by extensions ['ignore', 'ignore_ament_install']
[0.227s] Level 1:colcon.colcon_core.package_identification:_identify(log) by extension 'ignore'
[0.228s] Level 1:colcon.colcon_core.package_identification:_identify(log) ignored
[0.228s] Level 1:colcon.colcon_core.package_identification:_identify(src) by extensions ['ignore', 'ignore_ament_install']
[0.228s] Level 1:colcon.colcon_core.package_identification:_identify(src) by extension 'ignore'
[0.228s] Level 1:colcon.colcon_core.package_identification:_identify(src) by extension 'ignore_ament_install'
[0.228s] Level 1:colcon.colcon_core.package_identification:_identify(src) by extensions ['colcon_pkg']
[0.228s] Level 1:colcon.colcon_core.package_identification:_identify(src) by extension 'colcon_pkg'
[0.228s] Level 1:colcon.colcon_core.package_identification:_identify(src) by extensions ['colcon_meta']
[0.228s] Level 1:colcon.colcon_core.package_identification:_identify(src) by extension 'colcon_meta'
[0.228s] Level 1:colcon.colcon_core.package_identification:_identify(src) by extensions ['ros']
[0.228s] Level 1:colcon.colcon_core.package_identification:_identify(src) by extension 'ros'
[0.228s] Level 1:colcon.colcon_core.package_identification:_identify(src) by extensions ['cmake', 'python']
[0.228s] Level 1:colcon.colcon_core.package_identification:_identify(src) by extension 'cmake'
[0.228s] Level 1:colcon.colcon_core.package_identification:_identify(src) by extension 'python'
[0.228s] Level 1:colcon.colcon_core.package_identification:_identify(src) by extensions ['python_setup_py']
[0.228s] Level 1:colcon.colcon_core.package_identification:_identify(src) by extension 'python_setup_py'
[0.228s] Level 1:colcon.colcon_core.package_identification:_identify(src/geolocal) by extensions ['ignore', 'ignore_ament_install']
[0.228s] Level 1:colcon.colcon_core.package_identification:_identify(src/geolocal) by extension 'ignore'
[0.228s] Level 1:colcon.colcon_core.package_identification:_identify(src/geolocal) by extension 'ignore_ament_install'
[0.228s] Level 1:colcon.colcon_core.package_identification:_identify(src/geolocal) by extensions ['colcon_pkg']
[0.228s] Level 1:colcon.colcon_core.package_identification:_identify(src/geolocal) by extension 'colcon_pkg'
[0.228s] Level 1:colcon.colcon_core.package_identification:_identify(src/geolocal) by extensions ['colcon_meta']
[0.228s] Level 1:colcon.colcon_core.package_identification:_identify(src/geolocal) by extension 'colcon_meta'
[0.228s] Level 1:colcon.colcon_core.package_identification:_identify(src/geolocal) by extensions ['ros']
[0.228s] Level 1:colcon.colcon_core.package_identification:_identify(src/geolocal) by extension 'ros'
[0.232s] DEBUG:colcon.colcon_core.package_identification:Package 'src/geolocal' with type 'ros.ament_python' and name 'geolocal'
[0.232s] Level 1:colcon.colcon_core.package_identification:_identify(src/geolocalization) by extensions ['ignore', 'ignore_ament_install']
[0.232s] Level 1:colcon.colcon_core.package_identification:_identify(src/geolocalization) by extension 'ignore'
[0.232s] Level 1:colcon.colcon_core.package_identification:_identify(src/geolocalization) by extension 'ignore_ament_install'
[0.232s] Level 1:colcon.colcon_core.package_identification:_identify(src/geolocalization) by extensions ['colcon_pkg']
[0.232s] Level 1:colcon.colcon_core.package_identification:_identify(src/geolocalization) by extension 'colcon_pkg'
[0.232s] Level 1:colcon.colcon_core.package_identification:_identify(src/geolocalization) by extensions ['colcon_meta']
[0.232s] Level 1:colcon.colcon_core.package_identification:_identify(src/geolocalization) by extension 'colcon_meta'
[0.232s] Level 1:colcon.colcon_core.package_identification:_identify(src/geolocalization) by extensions ['ros']
[0.232s] Level 1:colcon.colcon_core.package_identification:_identify(src/geolocalization) by extension 'ros'
[0.234s] DEBUG:colcon.colcon_core.package_identification:Package 'src/geolocalization' with type 'ros.ament_python' and name 'geolocalization'
[0.234s] Level 1:colcon.colcon_core.package_discovery:discover_packages(recursive) using defaults
[0.234s] Level 1:colcon.colcon_core.package_discovery:discover_packages(ignore) discover
[0.234s] Level 1:colcon.colcon_core.package_discovery:discover_packages(ignore) using defaults
[0.234s] Level 1:colcon.colcon_core.package_discovery:discover_packages(path) discover
[0.234s] Level 1:colcon.colcon_core.package_discovery:discover_packages(path) using defaults
[0.257s] Level 1:colcon.colcon_core.package_discovery:discover_packages(prefix_path) check parameters
[0.257s] Level 1:colcon.colcon_core.package_discovery:discover_packages(prefix_path) discover
[0.259s] DEBUG:colcon.colcon_installed_package_information.package_discovery:Found 2 installed packages in /home/naina/scp/geo_ws/install
[0.260s] DEBUG:colcon.colcon_installed_package_information.package_discovery:Found 313 installed packages in /opt/ros/humble
[0.262s] Level 1:colcon.colcon_core.package_discovery:discover_packages(prefix_path) using defaults
[0.323s] Level 5:colcon.colcon_core.verb:set package 'geolocal' build argument 'cmake_args' from command line to 'None'
[0.323s] Level 5:colcon.colcon_core.verb:set package 'geolocal' build argument 'cmake_target' from command line to 'None'
[0.323s] Level 5:colcon.colcon_core.verb:set package 'geolocal' build argument 'cmake_target_skip_unavailable' from command line to 'False'
[0.323s] Level 5:colcon.colcon_core.verb:set package 'geolocal' build argument 'cmake_clean_cache' from command line to 'False'
[0.323s] Level 5:colcon.colcon_core.verb:set package 'geolocal' build argument 'cmake_clean_first' from command line to 'False'
[0.323s] Level 5:colcon.colcon_core.verb:set package 'geolocal' build argument 'cmake_force_configure' from command line to 'False'
[0.323s] Level 5:colcon.colcon_core.verb:set package 'geolocal' build argument 'ament_cmake_args' from command line to 'None'
[0.323s] Level 5:colcon.colcon_core.verb:set package 'geolocal' build argument 'catkin_cmake_args' from command line to 'None'
[0.323s] Level 5:colcon.colcon_core.verb:set package 'geolocal' build argument 'catkin_skip_building_tests' from command line to 'False'
[0.323s] DEBUG:colcon.colcon_core.verb:Building package 'geolocal' with the following arguments: {'ament_cmake_args': None, 'build_base': '/home/naina/Downloads/geo_ws/build/geolocal', 'catkin_cmake_args': None, 'catkin_skip_building_tests': False, 'cmake_args': None, 'cmake_clean_cache': False, 'cmake_clean_first': False, 'cmake_force_configure': False, 'cmake_target': None, 'cmake_target_skip_unavailable': False, 'install_base': '/home/naina/Downloads/geo_ws/install/geolocal', 'merge_install': False, 'path': '/home/naina/Downloads/geo_ws/src/geolocal', 'symlink_install': False, 'test_result_base': None}
[0.323s] Level 5:colcon.colcon_core.verb:set package 'geolocalization' build argument 'cmake_args' from command line to 'None'
[0.323s] Level 5:colcon.colcon_core.verb:set package 'geolocalization' build argument 'cmake_target' from command line to 'None'
[0.323s] Level 5:colcon.colcon_core.verb:set package 'geolocalization' build argument 'cmake_target_skip_unavailable' from command line to 'False'
[0.323s] Level 5:colcon.colcon_core.verb:set package 'geolocalization' build argument 'cmake_clean_cache' from command line to 'False'
[0.323s] Level 5:colcon.colcon_core.verb:set package 'geolocalization' build argument 'cmake_clean_first' from command line to 'False'
[0.323s] Level 5:colcon.colcon_core.verb:set package 'geolocalization' build argument 'cmake_force_configure' from command line to 'False'
[0.323s] Level 5:colcon.colcon_core.verb:set package 'geolocalization' build argument 'ament_cmake_args' from command line to 'None'
[0.323s] Level 5:colcon.colcon_core.verb:set package 'geolocalization' build argument 'catkin_cmake_args' from command line to 'None'
[0.323s] Level 5:colcon.colcon_core.verb:set package 'geolocalization' build argument 'catkin_skip_building_tests' from command line to 'False'
[0.323s] DEBUG:colcon.colcon_core.verb:Building package 'geolocalization' with the following arguments: {'ament_cmake_args': None, 'build_base': '/home/naina/Downloads/geo_ws/build/geolocalization', 'catkin_cmake_args': None, 'catkin_skip_building_tests': False, 'cmake_args': None, 'cmake_clean_cache': False, 'cmake_clean_first': False, 'cmake_force_configure': False, 'cmake_target': None, 'cmake_target_skip_unavailable': False, 'install_base': '/home/naina/Downloads/geo_ws/install/geolocalization', 'merge_install': False, 'path': '/home/naina/Downloads/geo_ws/src/geolocalization', 'symlink_install': False, 'test_result_base': None}
[0.323s] INFO:colcon.colcon_core.executor:Executing jobs using 'parallel' executor
[0.325s] DEBUG:colcon.colcon_parallel_executor.executor.parallel:run_until_complete
[0.325s] INFO:colcon.colcon_ros.task.ament_python.build:Building ROS package in '/home/naina/Downloads/geo_ws/src/geolocal' with build type 'ament_python'
[0.325s] Level 1:colcon.colcon_core.shell:create_environment_hook('geolocal', 'ament_prefix_path')
[0.328s] INFO:colcon.colcon_core.plugin_system:Skipping extension 'colcon_core.shell.bat': Not used on non-Windows systems
[0.328s] INFO:colcon.colcon_core.shell:Creating environment hook '/home/naina/Downloads/geo_ws/install/geolocal/share/geolocal/hook/ament_prefix_path.ps1'
[0.329s] INFO:colcon.colcon_core.shell:Creating environment descriptor '/home/naina/Downloads/geo_ws/install/geolocal/share/geolocal/hook/ament_prefix_path.dsv'
[0.329s] INFO:colcon.colcon_core.shell:Creating environment hook '/home/naina/Downloads/geo_ws/install/geolocal/share/geolocal/hook/ament_prefix_path.sh'
[0.330s] INFO:colcon.colcon_core.shell:Skip shell extension 'powershell' for command environment: Not usable outside of PowerShell
[0.330s] DEBUG:colcon.colcon_core.shell:Skip shell extension 'dsv' for command environment
[0.333s] INFO:colcon.colcon_ros.task.ament_python.build:Building ROS package in '/home/naina/Downloads/geo_ws/src/geolocalization' with build type 'ament_python'
[0.333s] Level 1:colcon.colcon_core.shell:create_environment_hook('geolocalization', 'ament_prefix_path')
[0.333s] INFO:colcon.colcon_core.shell:Creating environment hook '/home/naina/Downloads/geo_ws/install/geolocalization/share/geolocalization/hook/ament_prefix_path.ps1'
[0.334s] INFO:colcon.colcon_core.shell:Creating environment descriptor '/home/naina/Downloads/geo_ws/install/geolocalization/share/geolocalization/hook/ament_prefix_path.dsv'
[0.334s] INFO:colcon.colcon_core.shell:Creating environment hook '/home/naina/Downloads/geo_ws/install/geolocalization/share/geolocalization/hook/ament_prefix_path.sh'
[0.335s] INFO:colcon.colcon_core.shell:Skip shell extension 'powershell' for command environment: Not usable outside of PowerShell
[0.335s] DEBUG:colcon.colcon_core.shell:Skip shell extension 'dsv' for command environment
[0.614s] INFO:colcon.colcon_core.task.python.build:Building Python package in '/home/naina/Downloads/geo_ws/src/geolocal'
[0.614s] INFO:colcon.colcon_core.shell:Skip shell extension 'powershell' for command environment: Not usable outside of PowerShell
[0.614s] DEBUG:colcon.colcon_core.shell:Skip shell extension 'dsv' for command environment
[0.752s] INFO:colcon.colcon_core.task.python.build:Building Python package in '/home/naina/Downloads/geo_ws/src/geolocalization'
[0.753s] INFO:colcon.colcon_core.shell:Skip shell extension 'powershell' for command environment: Not usable outside of PowerShell
[0.753s] DEBUG:colcon.colcon_core.shell:Skip shell extension 'dsv' for command environment
[1.035s] DEBUG:colcon.colcon_core.event_handler.log_command:Invoking command in '/home/naina/Downloads/geo_ws/src/geolocalization': PYTHONPATH=/home/naina/Downloads/geo_ws/build/geolocalization/prefix_override:/usr/lib/python3/dist-packages/colcon_core/task/python/colcon_distutils_commands:/home/naina/Downloads/geo_ws/install/geolocalization/lib/python3.10/site-packages:${PYTHONPATH} /usr/bin/python3 -W ignore:setup.py install is deprecated -W ignore:easy_install command is deprecated setup.py egg_info --egg-base ../../build/geolocalization build --build-base /home/naina/Downloads/geo_ws/build/geolocalization/build install --record /home/naina/Downloads/geo_ws/build/geolocalization/install.log --single-version-externally-managed install_data
[1.039s] DEBUG:colcon.colcon_core.event_handler.log_command:Invoking command in '/home/naina/Downloads/geo_ws/src/geolocal': PYTHONPATH=/home/naina/Downloads/geo_ws/build/geolocal/prefix_override:/usr/lib/python3/dist-packages/colcon_core/task/python/colcon_distutils_commands:/home/naina/Downloads/geo_ws/install/geolocal/lib/python3.10/site-packages:${PYTHONPATH} /usr/bin/python3 -W ignore:setup.py install is deprecated -W ignore:easy_install command is deprecated setup.py egg_info --egg-base ../../build/geolocal build --build-base /home/naina/Downloads/geo_ws/build/geolocal/build install --record /home/naina/Downloads/geo_ws/build/geolocal/install.log --single-version-externally-managed install_data
[1.284s] DEBUG:colcon.colcon_core.event_handler.log_command:Invoked command in '/home/naina/Downloads/geo_ws/src/geolocalization' returned '0': PYTHONPATH=/home/naina/Downloads/geo_ws/build/geolocalization/prefix_override:/usr/lib/python3/dist-packages/colcon_core/task/python/colcon_distutils_commands:/home/naina/Downloads/geo_ws/install/geolocalization/lib/python3.10/site-packages:${PYTHONPATH} /usr/bin/python3 -W ignore:setup.py install is deprecated -W ignore:easy_install command is deprecated setup.py egg_info --egg-base ../../build/geolocalization build --build-base /home/naina/Downloads/geo_ws/build/geolocalization/build install --record /home/naina/Downloads/geo_ws/build/geolocalization/install.log --single-version-externally-managed install_data
[1.291s] Level 1:colcon.colcon_core.environment:checking '/home/naina/Downloads/geo_ws/install/geolocalization' for CMake module files
[1.291s] Level 1:colcon.colcon_core.environment:checking '/home/naina/Downloads/geo_ws/install/geolocalization' for CMake config files
[1.292s] Level 1:colcon.colcon_core.environment:checking '/home/naina/Downloads/geo_ws/install/geolocalization/lib'
[1.292s] Level 1:colcon.colcon_core.environment:checking '/home/naina/Downloads/geo_ws/install/geolocalization/bin'
[1.292s] Level 1:colcon.colcon_core.environment:checking '/home/naina/Downloads/geo_ws/install/geolocalization/lib/pkgconfig/geolocalization.pc'
[1.292s] Level 1:colcon.colcon_core.environment:checking '/home/naina/Downloads/geo_ws/install/geolocalization/lib/python3.10/site-packages'
[1.292s] Level 1:colcon.colcon_core.shell:create_environment_hook('geolocalization', 'pythonpath')
[1.292s] INFO:colcon.colcon_core.shell:Creating environment hook '/home/naina/Downloads/geo_ws/install/geolocalization/share/geolocalization/hook/pythonpath.ps1'
[1.293s] INFO:colcon.colcon_core.shell:Creating environment descriptor '/home/naina/Downloads/geo_ws/install/geolocalization/share/geolocalization/hook/pythonpath.dsv'
[1.293s] INFO:colcon.colcon_core.shell:Creating environment hook '/home/naina/Downloads/geo_ws/install/geolocalization/share/geolocalization/hook/pythonpath.sh'
[1.293s] Level 1:colcon.colcon_core.environment:checking '/home/naina/Downloads/geo_ws/install/geolocalization/bin'
[1.293s] Level 1:colcon.colcon_core.environment:create_environment_scripts_only(geolocalization)
[1.294s] INFO:colcon.colcon_core.shell:Creating package script '/home/naina/Downloads/geo_ws/install/geolocalization/share/geolocalization/package.ps1'
[1.294s] INFO:colcon.colcon_core.shell:Creating package descriptor '/home/naina/Downloads/geo_ws/install/geolocalization/share/geolocalization/package.dsv'
[1.295s] INFO:colcon.colcon_core.shell:Creating package script '/home/naina/Downloads/geo_ws/install/geolocalization/share/geolocalization/package.sh'
[1.295s] INFO:colcon.colcon_core.shell:Creating package script '/home/naina/Downloads/geo_ws/install/geolocalization/share/geolocalization/package.bash'
[1.296s] INFO:colcon.colcon_core.shell:Creating package script '/home/naina/Downloads/geo_ws/install/geolocalization/share/geolocalization/package.zsh'
[1.297s] Level 1:colcon.colcon_core.environment:create_file_with_runtime_dependencies(/home/naina/Downloads/geo_ws/install/geolocalization/share/colcon-core/packages/geolocalization)
[1.298s] Level 1:colcon.colcon_core.environment:checking '/home/naina/Downloads/geo_ws/install/geolocal' for CMake module files
[1.298s] DEBUG:colcon.colcon_core.event_handler.log_command:Invoked command in '/home/naina/Downloads/geo_ws/src/geolocal' returned '0': PYTHONPATH=/home/naina/Downloads/geo_ws/build/geolocal/prefix_override:/usr/lib/python3/dist-packages/colcon_core/task/python/colcon_distutils_commands:/home/naina/Downloads/geo_ws/install/geolocal/lib/python3.10/site-packages:${PYTHONPATH} /usr/bin/python3 -W ignore:setup.py install is deprecated -W ignore:easy_install command is deprecated setup.py egg_info --egg-base ../../build/geolocal build --build-base /home/naina/Downloads/geo_ws/build/geolocal/build install --record /home/naina/Downloads/geo_ws/build/geolocal/install.log --single-version-externally-managed install_data
[1.299s] Level 1:colcon.colcon_core.environment:checking '/home/naina/Downloads/geo_ws/install/geolocal' for CMake config files
[1.299s] Level 1:colcon.colcon_core.environment:checking '/home/naina/Downloads/geo_ws/install/geolocal/lib'
[1.299s] Level 1:colcon.colcon_core.environment:checking '/home/naina/Downloads/geo_ws/install/geolocal/bin'
[1.299s] Level 1:colcon.colcon_core.environment:checking '/home/naina/Downloads/geo_ws/install/geolocal/lib/pkgconfig/geolocal.pc'
[1.299s] Level 1:colcon.colcon_core.environment:checking '/home/naina/Downloads/geo_ws/install/geolocal/lib/python3.10/site-packages'
[1.299s] Level 1:colcon.colcon_core.shell:create_environment_hook('geolocal', 'pythonpath')
[1.299s] INFO:colcon.colcon_core.shell:Creating environment hook '/home/naina/Downloads/geo_ws/install/geolocal/share/geolocal/hook/pythonpath.ps1'
[1.299s] INFO:colcon.colcon_core.shell:Creating environment descriptor '/home/naina/Downloads/geo_ws/install/geolocal/share/geolocal/hook/pythonpath.dsv'
[1.300s] INFO:colcon.colcon_core.shell:Creating environment hook '/home/naina/Downloads/geo_ws/install/geolocal/share/geolocal/hook/pythonpath.sh'
[1.300s] Level 1:colcon.colcon_core.environment:checking '/home/naina/Downloads/geo_ws/install/geolocal/bin'
[1.300s] Level 1:colcon.colcon_core.environment:create_environment_scripts_only(geolocal)
[1.300s] INFO:colcon.colcon_core.shell:Creating package script '/home/naina/Downloads/geo_ws/install/geolocal/share/geolocal/package.ps1'
[1.301s] INFO:colcon.colcon_core.shell:Creating package descriptor '/home/naina/Downloads/geo_ws/install/geolocal/share/geolocal/package.dsv'
[1.301s] INFO:colcon.colcon_core.shell:Creating package script '/home/naina/Downloads/geo_ws/install/geolocal/share/geolocal/package.sh'
[1.301s] INFO:colcon.colcon_core.shell:Creating package script '/home/naina/Downloads/geo_ws/install/geolocal/share/geolocal/package.bash'
[1.301s] INFO:colcon.colcon_core.shell:Creating package script '/home/naina/Downloads/geo_ws/install/geolocal/share/geolocal/package.zsh'
[1.301s] Level 1:colcon.colcon_core.environment:create_file_with_runtime_dependencies(/home/naina/Downloads/geo_ws/install/geolocal/share/colcon-core/packages/geolocal)
[1.302s] DEBUG:colcon.colcon_parallel_executor.executor.parallel:closing loop
[1.302s] DEBUG:colcon.colcon_parallel_executor.executor.parallel:loop closed
[1.302s] DEBUG:colcon.colcon_parallel_executor.executor.parallel:run_until_complete finished with '0'
[1.302s] DEBUG:colcon.colcon_core.event_reactor:joining thread
[1.309s] INFO:colcon.colcon_core.plugin_system:Skipping extension 'colcon_notification.desktop_notification.terminal_notifier': Not used on non-Darwin systems
[1.309s] INFO:colcon.colcon_core.plugin_system:Skipping extension 'colcon_notification.desktop_notification.win32': Not used on non-Windows systems
[1.309s] INFO:colcon.colcon_notification.desktop_notification:Sending desktop notification using 'notify2'
[1.321s] DEBUG:colcon.colcon_core.event_reactor:joined thread
[1.322s] INFO:colcon.colcon_core.shell:Creating prefix script '/home/naina/Downloads/geo_ws/install/local_setup.ps1'
[1.323s] INFO:colcon.colcon_core.shell:Creating prefix util module '/home/naina/Downloads/geo_ws/install/_local_setup_util_ps1.py'
[1.324s] INFO:colcon.colcon_core.shell:Creating prefix chain script '/home/naina/Downloads/geo_ws/install/setup.ps1'
[1.325s] INFO:colcon.colcon_core.shell:Creating prefix script '/home/naina/Downloads/geo_ws/install/local_setup.sh'
[1.326s] INFO:colcon.colcon_core.shell:Creating prefix util module '/home/naina/Downloads/geo_ws/install/_local_setup_util_sh.py'
[1.326s] INFO:colcon.colcon_core.shell:Creating prefix chain script '/home/naina/Downloads/geo_ws/install/setup.sh'
[1.327s] INFO:colcon.colcon_core.shell:Creating prefix script '/home/naina/Downloads/geo_ws/install/local_setup.bash'
[1.327s] INFO:colcon.colcon_core.shell:Creating prefix chain script '/home/naina/Downloads/geo_ws/install/setup.bash'
[1.328s] INFO:colcon.colcon_core.shell:Creating prefix script '/home/naina/Downloads/geo_ws/install/local_setup.zsh'
[1.329s] INFO:colcon.colcon_core.shell:Creating prefix chain script '/home/naina/Downloads/geo_ws/install/setup.zsh'
