[0.677s] Invoking command in '/home/akshit/geo_ws/src/geolocal': PYTHONPATH=/home/akshit/geo_ws/build/geolocal/prefix_override:/usr/lib/python3/dist-packages/colcon_core/task/python/colcon_distutils_commands:/home/akshit/geo_ws/install/geolocal/lib/python3.10/site-packages:${PYTHONPATH} /usr/bin/python3 -W ignore:setup.py install is deprecated -W ignore:easy_install command is deprecated setup.py egg_info --egg-base ../../build/geolocal build --build-base /home/akshit/geo_ws/build/geolocal/build install --record /home/akshit/geo_ws/build/geolocal/install.log --single-version-externally-managed install_data
[0.861s] running egg_info
[0.862s] writing ../../build/geolocal/geolocal.egg-info/PKG-INFO
[0.862s] writing dependency_links to ../../build/geolocal/geolocal.egg-info/dependency_links.txt
[0.862s] writing entry points to ../../build/geolocal/geolocal.egg-info/entry_points.txt
[0.862s] writing requirements to ../../build/geolocal/geolocal.egg-info/requires.txt
[0.862s] writing top-level names to ../../build/geolocal/geolocal.egg-info/top_level.txt
[0.863s] reading manifest file '../../build/geolocal/geolocal.egg-info/SOURCES.txt'
[0.864s] writing manifest file '../../build/geolocal/geolocal.egg-info/SOURCES.txt'
[0.864s] running build
[0.864s] running build_py
[0.864s] running install
[0.865s] running install_lib
[0.865s] running install_data
[0.865s] running install_egg_info
[0.867s] removing '/home/akshit/geo_ws/install/geolocal/lib/python3.10/site-packages/geolocal-0.0.0-py3.10.egg-info' (and everything under it)
[0.867s] Copying ../../build/geolocal/geolocal.egg-info to /home/akshit/geo_ws/install/geolocal/lib/python3.10/site-packages/geolocal-0.0.0-py3.10.egg-info
[0.867s] running install_scripts
[0.884s] Installing geolocal script to /home/akshit/geo_ws/install/geolocal/lib/geolocal
[0.885s] writing list of installed files to '/home/akshit/geo_ws/build/geolocal/install.log'
[0.902s] Invoked command in '/home/akshit/geo_ws/src/geolocal' returned '0': PYTHONPATH=/home/akshit/geo_ws/build/geolocal/prefix_override:/usr/lib/python3/dist-packages/colcon_core/task/python/colcon_distutils_commands:/home/akshit/geo_ws/install/geolocal/lib/python3.10/site-packages:${PYTHONPATH} /usr/bin/python3 -W ignore:setup.py install is deprecated -W ignore:easy_install command is deprecated setup.py egg_info --egg-base ../../build/geolocal build --build-base /home/akshit/geo_ws/build/geolocal/build install --record /home/akshit/geo_ws/build/geolocal/install.log --single-version-externally-managed install_data
