running egg_info
writing ../../build/geolocalization/geolocalization.egg-info/PKG-INFO
writing dependency_links to ../../build/geolocalization/geolocalization.egg-info/dependency_links.txt
writing entry points to ../../build/geolocalization/geolocalization.egg-info/entry_points.txt
writing requirements to ../../build/geolocalization/geolocalization.egg-info/requires.txt
writing top-level names to ../../build/geolocalization/geolocalization.egg-info/top_level.txt
reading manifest file '../../build/geolocalization/geolocalization.egg-info/SOURCES.txt'
writing manifest file '../../build/geolocalization/geolocalization.egg-info/SOURCES.txt'
running build
running build_py
copying geolocalization/geolocalization.py -> /home/akshit/geo_ws/build/geolocalization/build/lib/geolocalization
running install
running install_lib
copying /home/akshit/geo_ws/build/geolocalization/build/lib/geolocalization/geolocalization.py -> /home/akshit/geo_ws/install/geolocalization/lib/python3.10/site-packages/geolocalization
byte-compiling /home/akshit/geo_ws/install/geolocalization/lib/python3.10/site-packages/geolocalization/geolocalization.py to geolocalization.cpython-310.pyc
running install_data
running install_egg_info
removing '/home/akshit/geo_ws/install/geolocalization/lib/python3.10/site-packages/geolocalization-0.0.1-py3.10.egg-info' (and everything under it)
Copying ../../build/geolocalization/geolocalization.egg-info to /home/akshit/geo_ws/install/geolocalization/lib/python3.10/site-packages/geolocalization-0.0.1-py3.10.egg-info
running install_scripts
Installing geolocalization script to /home/akshit/geo_ws/install/geolocalization/lib/geolocalization
writing list of installed files to '/home/akshit/geo_ws/build/geolocalization/install.log'
